2023-08-26 08:59:46,046|pipelines.pipelineProcess|INFO|Data Plumber initialisation ...
2023-08-26 08:59:46,059|pipelines.pipelineProcess|DEBUG|pipelineFactory.instantiate(): Import module -> pipelines.category.directPipeline
2023-08-26 08:59:46,512|pipelines.pipelineProcess|DEBUG|pipelineFactory.instantiate(): Module pipelines.category.directPipeline imported, instantiate the class
2023-08-26 08:59:46,513|pipelines.pipelineProcess|INFO|Class instantiated successfully
2023-08-26 08:59:46,513|pipelines.pipelineProcess|INFO|*** Starting pipeline processing ***
2023-08-26 08:59:46,513|pipelines.pipelineProcess|INFO|Initializing Extractor(s) ...
2023-08-26 08:59:46,527|pipelines.pipelineProcess|INFO|There is/are 2 Class(es)
2023-08-26 08:59:46,527|pipelines.pipelineProcess|INFO|Instantiate Object: pipelines.datasources.CSVFileDS
2023-08-26 08:59:46,527|pipelines.pipelineProcess|DEBUG|pipelineFactory.instantiate(): Import module -> pipelines.datasources.CSVFileDS
2023-08-26 08:59:46,529|pipelines.pipelineProcess|DEBUG|pipelineFactory.instantiate(): Module pipelines.datasources.CSVFileDS imported, instantiate the class
2023-08-26 08:59:46,532|pipelines.pipelineProcess|INFO|Class instantiated successfully
2023-08-26 08:59:46,532|pipelines.pipelineProcess|DEBUG|Initialize Object: pipelines.datasources.CSVFileDS
2023-08-26 08:59:46,532|pipelines.pipelineProcess|DEBUG|Object pipelines.datasources.CSVFileDS initialized successfully
2023-08-26 08:59:46,533|pipelines.pipelineProcess|INFO|Instantiate Object: pipelines.datasources.CSVFileDS
2023-08-26 08:59:46,533|pipelines.pipelineProcess|DEBUG|pipelineFactory.instantiate(): Import module -> pipelines.datasources.CSVFileDS
2023-08-26 08:59:46,533|pipelines.pipelineProcess|DEBUG|pipelineFactory.instantiate(): Module pipelines.datasources.CSVFileDS imported, instantiate the class
2023-08-26 08:59:46,534|pipelines.pipelineProcess|INFO|Class instantiated successfully
2023-08-26 08:59:46,534|pipelines.pipelineProcess|DEBUG|Initialize Object: pipelines.datasources.CSVFileDS
2023-08-26 08:59:46,534|pipelines.pipelineProcess|DEBUG|Object pipelines.datasources.CSVFileDS initialized successfully
2023-08-26 08:59:46,534|pipelines.pipelineProcess|INFO|There is/are 2 extractor(s)
2023-08-26 08:59:46,535|pipelines.pipelineProcess|INFO|Initializing Loaders(s) ...
2023-08-26 08:59:46,548|pipelines.pipelineProcess|INFO|There is/are 1 Class(es)
2023-08-26 08:59:46,548|pipelines.pipelineProcess|INFO|Instantiate Object: pipelines.datasources.CSVFileDS
2023-08-26 08:59:46,548|pipelines.pipelineProcess|DEBUG|pipelineFactory.instantiate(): Import module -> pipelines.datasources.CSVFileDS
2023-08-26 08:59:46,548|pipelines.pipelineProcess|DEBUG|pipelineFactory.instantiate(): Module pipelines.datasources.CSVFileDS imported, instantiate the class
2023-08-26 08:59:46,549|pipelines.pipelineProcess|INFO|Class instantiated successfully
2023-08-26 08:59:46,549|pipelines.pipelineProcess|DEBUG|Initialize Object: pipelines.datasources.CSVFileDS
2023-08-26 08:59:46,550|pipelines.pipelineProcess|DEBUG|Object pipelines.datasources.CSVFileDS initialized successfully
2023-08-26 08:59:46,550|pipelines.pipelineProcess|INFO|There is/are 1 loader(s)
2023-08-26 08:59:46,550|pipelines.pipelineProcess|INFO|Initializing Transformer(s) ...
2023-08-26 08:59:46,563|pipelines.pipelineProcess|INFO|There is/are 2 Class(es)
2023-08-26 08:59:46,563|pipelines.pipelineProcess|INFO|Instantiate Object: pipelines.transformers.concatTR
2023-08-26 08:59:46,563|pipelines.pipelineProcess|DEBUG|pipelineFactory.instantiate(): Import module -> pipelines.transformers.concatTR
2023-08-26 08:59:46,565|pipelines.pipelineProcess|DEBUG|pipelineFactory.instantiate(): Module pipelines.transformers.concatTR imported, instantiate the class
2023-08-26 08:59:46,565|pipelines.pipelineProcess|INFO|Class instantiated successfully
2023-08-26 08:59:46,566|pipelines.pipelineProcess|DEBUG|Initialize Object: pipelines.transformers.concatTR
2023-08-26 08:59:46,566|pipelines.pipelineProcess|DEBUG|Object pipelines.transformers.concatTR initialized successfully
2023-08-26 08:59:46,566|pipelines.pipelineProcess|INFO|Instantiate Object: pipelines.transformers.doNothingTR
2023-08-26 08:59:46,566|pipelines.pipelineProcess|DEBUG|pipelineFactory.instantiate(): Import module -> pipelines.transformers.doNothingTR
2023-08-26 08:59:46,567|pipelines.pipelineProcess|DEBUG|pipelineFactory.instantiate(): Module pipelines.transformers.doNothingTR imported, instantiate the class
2023-08-26 08:59:46,567|pipelines.pipelineProcess|INFO|Class instantiated successfully
2023-08-26 08:59:46,567|pipelines.pipelineProcess|DEBUG|Initialize Object: pipelines.transformers.doNothingTR
2023-08-26 08:59:46,567|pipelines.pipelineProcess|DEBUG|Object pipelines.transformers.doNothingTR initialized successfully
2023-08-26 08:59:46,567|pipelines.pipelineProcess|INFO|There is/are 2 Transformers(s)
2023-08-26 08:59:46,567|pipelines.pipelineProcess|ERROR|pipeline.initialize() Error -> The first transfomer must have a number of Data Sources equal to the number of extractors
2023-08-26 08:59:46,567|pipelines.pipelineProcess|ERROR|pipelineFactory.createAndExecute(): The Data pipeline has not been initialized properly
2023-08-26 08:59:46,568|pipelines.pipelineProcess|INFO|*** End of Job treatment ***
2023-08-26 09:01:07,519|pipelines.pipelineProcess|INFO|Data Plumber initialisation ...
2023-08-26 09:01:07,533|pipelines.pipelineProcess|DEBUG|pipelineFactory.instantiate(): Import module -> pipelines.category.directPipeline
2023-08-26 09:01:07,945|pipelines.pipelineProcess|DEBUG|pipelineFactory.instantiate(): Module pipelines.category.directPipeline imported, instantiate the class
2023-08-26 09:01:07,946|pipelines.pipelineProcess|INFO|Class instantiated successfully
2023-08-26 09:01:07,946|pipelines.pipelineProcess|INFO|*** Starting pipeline processing ***
2023-08-26 09:01:07,946|pipelines.pipelineProcess|INFO|Initializing Extractor(s) ...
2023-08-26 09:01:07,960|pipelines.pipelineProcess|INFO|There is/are 2 Class(es)
2023-08-26 09:01:07,960|pipelines.pipelineProcess|INFO|Instantiate Object: pipelines.datasources.CSVFileDS
2023-08-26 09:01:07,960|pipelines.pipelineProcess|DEBUG|pipelineFactory.instantiate(): Import module -> pipelines.datasources.CSVFileDS
2023-08-26 09:01:07,962|pipelines.pipelineProcess|DEBUG|pipelineFactory.instantiate(): Module pipelines.datasources.CSVFileDS imported, instantiate the class
2023-08-26 09:01:07,964|pipelines.pipelineProcess|INFO|Class instantiated successfully
2023-08-26 09:01:07,964|pipelines.pipelineProcess|DEBUG|Initialize Object: pipelines.datasources.CSVFileDS
2023-08-26 09:01:07,964|pipelines.pipelineProcess|DEBUG|Object pipelines.datasources.CSVFileDS initialized successfully
2023-08-26 09:01:07,965|pipelines.pipelineProcess|INFO|Instantiate Object: pipelines.datasources.CSVFileDS
2023-08-26 09:01:07,965|pipelines.pipelineProcess|DEBUG|pipelineFactory.instantiate(): Import module -> pipelines.datasources.CSVFileDS
2023-08-26 09:01:07,965|pipelines.pipelineProcess|DEBUG|pipelineFactory.instantiate(): Module pipelines.datasources.CSVFileDS imported, instantiate the class
2023-08-26 09:01:07,966|pipelines.pipelineProcess|INFO|Class instantiated successfully
2023-08-26 09:01:07,966|pipelines.pipelineProcess|DEBUG|Initialize Object: pipelines.datasources.CSVFileDS
2023-08-26 09:01:07,966|pipelines.pipelineProcess|DEBUG|Object pipelines.datasources.CSVFileDS initialized successfully
2023-08-26 09:01:07,966|pipelines.pipelineProcess|INFO|There is/are 2 extractor(s)
2023-08-26 09:01:07,966|pipelines.pipelineProcess|INFO|Initializing Loaders(s) ...
2023-08-26 09:01:07,989|pipelines.pipelineProcess|INFO|There is/are 1 Class(es)
2023-08-26 09:01:07,989|pipelines.pipelineProcess|INFO|Instantiate Object: pipelines.datasources.CSVFileDS
2023-08-26 09:01:07,990|pipelines.pipelineProcess|DEBUG|pipelineFactory.instantiate(): Import module -> pipelines.datasources.CSVFileDS
2023-08-26 09:01:07,990|pipelines.pipelineProcess|DEBUG|pipelineFactory.instantiate(): Module pipelines.datasources.CSVFileDS imported, instantiate the class
2023-08-26 09:01:07,991|pipelines.pipelineProcess|INFO|Class instantiated successfully
2023-08-26 09:01:07,992|pipelines.pipelineProcess|DEBUG|Initialize Object: pipelines.datasources.CSVFileDS
2023-08-26 09:01:07,992|pipelines.pipelineProcess|DEBUG|Object pipelines.datasources.CSVFileDS initialized successfully
2023-08-26 09:01:07,992|pipelines.pipelineProcess|INFO|There is/are 1 loader(s)
2023-08-26 09:01:07,992|pipelines.pipelineProcess|INFO|Initializing Transformer(s) ...
2023-08-26 09:01:08,019|pipelines.pipelineProcess|INFO|There is/are 2 Class(es)
2023-08-26 09:01:08,019|pipelines.pipelineProcess|INFO|Instantiate Object: pipelines.transformers.concatTR
2023-08-26 09:01:08,019|pipelines.pipelineProcess|DEBUG|pipelineFactory.instantiate(): Import module -> pipelines.transformers.concatTR
2023-08-26 09:01:08,020|pipelines.pipelineProcess|DEBUG|pipelineFactory.instantiate(): Module pipelines.transformers.concatTR imported, instantiate the class
2023-08-26 09:01:08,020|pipelines.pipelineProcess|INFO|Class instantiated successfully
2023-08-26 09:01:08,021|pipelines.pipelineProcess|DEBUG|Initialize Object: pipelines.transformers.concatTR
2023-08-26 09:01:08,021|pipelines.pipelineProcess|DEBUG|Object pipelines.transformers.concatTR initialized successfully
2023-08-26 09:01:08,021|pipelines.pipelineProcess|INFO|Instantiate Object: pipelines.transformers.doNothingTR
2023-08-26 09:01:08,021|pipelines.pipelineProcess|DEBUG|pipelineFactory.instantiate(): Import module -> pipelines.transformers.doNothingTR
2023-08-26 09:01:08,022|pipelines.pipelineProcess|DEBUG|pipelineFactory.instantiate(): Module pipelines.transformers.doNothingTR imported, instantiate the class
2023-08-26 09:01:08,022|pipelines.pipelineProcess|INFO|Class instantiated successfully
2023-08-26 09:01:08,022|pipelines.pipelineProcess|DEBUG|Initialize Object: pipelines.transformers.doNothingTR
2023-08-26 09:01:08,023|pipelines.pipelineProcess|DEBUG|Object pipelines.transformers.doNothingTR initialized successfully
2023-08-26 09:01:08,023|pipelines.pipelineProcess|INFO|There is/are 2 Transformers(s)
2023-08-26 09:01:08,023|pipelines.pipelineProcess|ERROR|pipeline.initialize() Error -> The first transfomer must support the number of extractors configured
2023-08-26 09:01:08,023|pipelines.pipelineProcess|ERROR|pipelineFactory.createAndExecute(): The Data pipeline has not been initialized properly
2023-08-26 09:01:08,024|pipelines.pipelineProcess|INFO|*** End of Job treatment ***
2023-08-26 09:01:14,683|pipelines.pipelineProcess|INFO|Data Plumber initialisation ...
2023-08-26 09:01:14,696|pipelines.pipelineProcess|DEBUG|pipelineFactory.instantiate(): Import module -> pipelines.category.directPipeline
2023-08-26 09:01:15,140|pipelines.pipelineProcess|DEBUG|pipelineFactory.instantiate(): Module pipelines.category.directPipeline imported, instantiate the class
2023-08-26 09:01:15,140|pipelines.pipelineProcess|INFO|Class instantiated successfully
2023-08-26 09:01:15,140|pipelines.pipelineProcess|INFO|*** Starting pipeline processing ***
2023-08-26 09:01:15,141|pipelines.pipelineProcess|INFO|Initializing Extractor(s) ...
2023-08-26 09:01:15,154|pipelines.pipelineProcess|INFO|There is/are 2 Class(es)
2023-08-26 09:01:15,154|pipelines.pipelineProcess|INFO|Instantiate Object: pipelines.datasources.CSVFileDS
2023-08-26 09:01:15,154|pipelines.pipelineProcess|DEBUG|pipelineFactory.instantiate(): Import module -> pipelines.datasources.CSVFileDS
2023-08-26 09:01:15,156|pipelines.pipelineProcess|DEBUG|pipelineFactory.instantiate(): Module pipelines.datasources.CSVFileDS imported, instantiate the class
2023-08-26 09:01:15,159|pipelines.pipelineProcess|INFO|Class instantiated successfully
2023-08-26 09:01:15,159|pipelines.pipelineProcess|DEBUG|Initialize Object: pipelines.datasources.CSVFileDS
2023-08-26 09:01:15,159|pipelines.pipelineProcess|DEBUG|Object pipelines.datasources.CSVFileDS initialized successfully
2023-08-26 09:01:15,159|pipelines.pipelineProcess|INFO|Instantiate Object: pipelines.datasources.CSVFileDS
2023-08-26 09:01:15,159|pipelines.pipelineProcess|DEBUG|pipelineFactory.instantiate(): Import module -> pipelines.datasources.CSVFileDS
2023-08-26 09:01:15,160|pipelines.pipelineProcess|DEBUG|pipelineFactory.instantiate(): Module pipelines.datasources.CSVFileDS imported, instantiate the class
2023-08-26 09:01:15,161|pipelines.pipelineProcess|INFO|Class instantiated successfully
2023-08-26 09:01:15,161|pipelines.pipelineProcess|DEBUG|Initialize Object: pipelines.datasources.CSVFileDS
2023-08-26 09:01:15,161|pipelines.pipelineProcess|DEBUG|Object pipelines.datasources.CSVFileDS initialized successfully
2023-08-26 09:01:15,161|pipelines.pipelineProcess|INFO|There is/are 2 extractor(s)
2023-08-26 09:01:15,161|pipelines.pipelineProcess|INFO|Initializing Loaders(s) ...
2023-08-26 09:01:15,175|pipelines.pipelineProcess|INFO|There is/are 1 Class(es)
2023-08-26 09:01:15,175|pipelines.pipelineProcess|INFO|Instantiate Object: pipelines.datasources.CSVFileDS
2023-08-26 09:01:15,175|pipelines.pipelineProcess|DEBUG|pipelineFactory.instantiate(): Import module -> pipelines.datasources.CSVFileDS
2023-08-26 09:01:15,175|pipelines.pipelineProcess|DEBUG|pipelineFactory.instantiate(): Module pipelines.datasources.CSVFileDS imported, instantiate the class
2023-08-26 09:01:15,176|pipelines.pipelineProcess|INFO|Class instantiated successfully
2023-08-26 09:01:15,176|pipelines.pipelineProcess|DEBUG|Initialize Object: pipelines.datasources.CSVFileDS
2023-08-26 09:01:15,177|pipelines.pipelineProcess|DEBUG|Object pipelines.datasources.CSVFileDS initialized successfully
2023-08-26 09:01:15,177|pipelines.pipelineProcess|INFO|There is/are 1 loader(s)
2023-08-26 09:01:15,177|pipelines.pipelineProcess|INFO|Initializing Transformer(s) ...
2023-08-26 09:01:15,190|pipelines.pipelineProcess|INFO|There is/are 2 Class(es)
2023-08-26 09:01:15,190|pipelines.pipelineProcess|INFO|Instantiate Object: pipelines.transformers.concatTR
2023-08-26 09:01:15,190|pipelines.pipelineProcess|DEBUG|pipelineFactory.instantiate(): Import module -> pipelines.transformers.concatTR
2023-08-26 09:01:15,191|pipelines.pipelineProcess|DEBUG|pipelineFactory.instantiate(): Module pipelines.transformers.concatTR imported, instantiate the class
2023-08-26 09:01:15,191|pipelines.pipelineProcess|INFO|Class instantiated successfully
2023-08-26 09:01:15,192|pipelines.pipelineProcess|DEBUG|Initialize Object: pipelines.transformers.concatTR
2023-08-26 09:01:15,192|pipelines.pipelineProcess|DEBUG|Object pipelines.transformers.concatTR initialized successfully
2023-08-26 09:01:15,192|pipelines.pipelineProcess|INFO|Instantiate Object: pipelines.transformers.doNothingTR
2023-08-26 09:01:15,192|pipelines.pipelineProcess|DEBUG|pipelineFactory.instantiate(): Import module -> pipelines.transformers.doNothingTR
2023-08-26 09:01:15,193|pipelines.pipelineProcess|DEBUG|pipelineFactory.instantiate(): Module pipelines.transformers.doNothingTR imported, instantiate the class
2023-08-26 09:01:15,193|pipelines.pipelineProcess|INFO|Class instantiated successfully
2023-08-26 09:01:15,193|pipelines.pipelineProcess|DEBUG|Initialize Object: pipelines.transformers.doNothingTR
2023-08-26 09:01:15,193|pipelines.pipelineProcess|DEBUG|Object pipelines.transformers.doNothingTR initialized successfully
2023-08-26 09:01:15,193|pipelines.pipelineProcess|INFO|There is/are 2 Transformers(s)
2023-08-26 09:01:54,345|pipelines.pipelineProcess|INFO|Data Plumber initialisation ...
2023-08-26 09:01:54,359|pipelines.pipelineProcess|DEBUG|pipelineFactory.instantiate(): Import module -> pipelines.category.directPipeline
2023-08-26 09:01:54,819|pipelines.pipelineProcess|DEBUG|pipelineFactory.instantiate(): Module pipelines.category.directPipeline imported, instantiate the class
2023-08-26 09:01:54,820|pipelines.pipelineProcess|INFO|Class instantiated successfully
2023-08-26 09:01:54,820|pipelines.pipelineProcess|INFO|*** Starting pipeline processing ***
2023-08-26 09:01:54,821|pipelines.pipelineProcess|INFO|Initializing Extractor(s) ...
2023-08-26 09:01:54,838|pipelines.pipelineProcess|INFO|There is/are 2 Class(es)
2023-08-26 09:01:54,838|pipelines.pipelineProcess|INFO|Instantiate Object: pipelines.datasources.CSVFileDS
2023-08-26 09:01:54,838|pipelines.pipelineProcess|DEBUG|pipelineFactory.instantiate(): Import module -> pipelines.datasources.CSVFileDS
2023-08-26 09:01:54,841|pipelines.pipelineProcess|DEBUG|pipelineFactory.instantiate(): Module pipelines.datasources.CSVFileDS imported, instantiate the class
2023-08-26 09:01:54,844|pipelines.pipelineProcess|INFO|Class instantiated successfully
2023-08-26 09:01:54,844|pipelines.pipelineProcess|DEBUG|Initialize Object: pipelines.datasources.CSVFileDS
2023-08-26 09:01:54,845|pipelines.pipelineProcess|DEBUG|Object pipelines.datasources.CSVFileDS initialized successfully
2023-08-26 09:01:54,845|pipelines.pipelineProcess|INFO|Instantiate Object: pipelines.datasources.CSVFileDS
2023-08-26 09:01:54,845|pipelines.pipelineProcess|DEBUG|pipelineFactory.instantiate(): Import module -> pipelines.datasources.CSVFileDS
2023-08-26 09:01:54,845|pipelines.pipelineProcess|DEBUG|pipelineFactory.instantiate(): Module pipelines.datasources.CSVFileDS imported, instantiate the class
2023-08-26 09:01:54,846|pipelines.pipelineProcess|INFO|Class instantiated successfully
2023-08-26 09:01:54,846|pipelines.pipelineProcess|DEBUG|Initialize Object: pipelines.datasources.CSVFileDS
2023-08-26 09:01:54,846|pipelines.pipelineProcess|DEBUG|Object pipelines.datasources.CSVFileDS initialized successfully
2023-08-26 09:01:54,846|pipelines.pipelineProcess|INFO|There is/are 2 extractor(s)
2023-08-26 09:01:54,846|pipelines.pipelineProcess|INFO|Initializing Loaders(s) ...
2023-08-26 09:01:54,864|pipelines.pipelineProcess|INFO|There is/are 1 Class(es)
2023-08-26 09:01:54,864|pipelines.pipelineProcess|INFO|Instantiate Object: pipelines.datasources.CSVFileDS
2023-08-26 09:01:54,864|pipelines.pipelineProcess|DEBUG|pipelineFactory.instantiate(): Import module -> pipelines.datasources.CSVFileDS
2023-08-26 09:01:54,864|pipelines.pipelineProcess|DEBUG|pipelineFactory.instantiate(): Module pipelines.datasources.CSVFileDS imported, instantiate the class
2023-08-26 09:01:54,865|pipelines.pipelineProcess|INFO|Class instantiated successfully
2023-08-26 09:01:54,865|pipelines.pipelineProcess|DEBUG|Initialize Object: pipelines.datasources.CSVFileDS
2023-08-26 09:01:54,865|pipelines.pipelineProcess|DEBUG|Object pipelines.datasources.CSVFileDS initialized successfully
2023-08-26 09:01:54,866|pipelines.pipelineProcess|INFO|There is/are 1 loader(s)
2023-08-26 09:01:54,866|pipelines.pipelineProcess|INFO|Initializing Transformer(s) ...
2023-08-26 09:01:54,880|pipelines.pipelineProcess|INFO|There is/are 2 Class(es)
2023-08-26 09:01:54,881|pipelines.pipelineProcess|INFO|Instantiate Object: pipelines.transformers.concatTR
2023-08-26 09:01:54,881|pipelines.pipelineProcess|DEBUG|pipelineFactory.instantiate(): Import module -> pipelines.transformers.concatTR
2023-08-26 09:01:54,882|pipelines.pipelineProcess|DEBUG|pipelineFactory.instantiate(): Module pipelines.transformers.concatTR imported, instantiate the class
2023-08-26 09:01:54,882|pipelines.pipelineProcess|INFO|Class instantiated successfully
2023-08-26 09:01:54,882|pipelines.pipelineProcess|DEBUG|Initialize Object: pipelines.transformers.concatTR
2023-08-26 09:01:54,882|pipelines.pipelineProcess|DEBUG|Object pipelines.transformers.concatTR initialized successfully
2023-08-26 09:01:54,883|pipelines.pipelineProcess|INFO|Instantiate Object: pipelines.transformers.doNothingTR
2023-08-26 09:01:54,883|pipelines.pipelineProcess|DEBUG|pipelineFactory.instantiate(): Import module -> pipelines.transformers.doNothingTR
2023-08-26 09:01:54,883|pipelines.pipelineProcess|DEBUG|pipelineFactory.instantiate(): Module pipelines.transformers.doNothingTR imported, instantiate the class
2023-08-26 09:01:54,883|pipelines.pipelineProcess|INFO|Class instantiated successfully
2023-08-26 09:01:54,883|pipelines.pipelineProcess|DEBUG|Initialize Object: pipelines.transformers.doNothingTR
2023-08-26 09:01:54,883|pipelines.pipelineProcess|DEBUG|Object pipelines.transformers.doNothingTR initialized successfully
2023-08-26 09:01:54,883|pipelines.pipelineProcess|INFO|There is/are 2 Transformers(s)
2023-08-26 09:02:30,642|pipelines.pipelineProcess|INFO|Data Plumber initialisation ...
2023-08-26 09:02:30,655|pipelines.pipelineProcess|DEBUG|pipelineFactory.instantiate(): Import module -> pipelines.category.directPipeline
2023-08-26 09:02:31,066|pipelines.pipelineProcess|DEBUG|pipelineFactory.instantiate(): Module pipelines.category.directPipeline imported, instantiate the class
2023-08-26 09:02:31,066|pipelines.pipelineProcess|INFO|Class instantiated successfully
2023-08-26 09:02:31,067|pipelines.pipelineProcess|INFO|*** Starting pipeline processing ***
2023-08-26 09:02:31,067|pipelines.pipelineProcess|INFO|Initializing Extractor(s) ...
2023-08-26 09:02:31,080|pipelines.pipelineProcess|INFO|There is/are 2 Class(es)
2023-08-26 09:02:31,080|pipelines.pipelineProcess|INFO|Instantiate Object: pipelines.datasources.CSVFileDS
2023-08-26 09:02:31,081|pipelines.pipelineProcess|DEBUG|pipelineFactory.instantiate(): Import module -> pipelines.datasources.CSVFileDS
2023-08-26 09:02:31,082|pipelines.pipelineProcess|DEBUG|pipelineFactory.instantiate(): Module pipelines.datasources.CSVFileDS imported, instantiate the class
2023-08-26 09:02:31,084|pipelines.pipelineProcess|INFO|Class instantiated successfully
2023-08-26 09:02:31,085|pipelines.pipelineProcess|DEBUG|Initialize Object: pipelines.datasources.CSVFileDS
2023-08-26 09:02:31,085|pipelines.pipelineProcess|DEBUG|Object pipelines.datasources.CSVFileDS initialized successfully
2023-08-26 09:02:31,085|pipelines.pipelineProcess|INFO|Instantiate Object: pipelines.datasources.CSVFileDS
2023-08-26 09:02:31,085|pipelines.pipelineProcess|DEBUG|pipelineFactory.instantiate(): Import module -> pipelines.datasources.CSVFileDS
2023-08-26 09:02:31,085|pipelines.pipelineProcess|DEBUG|pipelineFactory.instantiate(): Module pipelines.datasources.CSVFileDS imported, instantiate the class
2023-08-26 09:02:31,086|pipelines.pipelineProcess|INFO|Class instantiated successfully
2023-08-26 09:02:31,086|pipelines.pipelineProcess|DEBUG|Initialize Object: pipelines.datasources.CSVFileDS
2023-08-26 09:02:31,086|pipelines.pipelineProcess|DEBUG|Object pipelines.datasources.CSVFileDS initialized successfully
2023-08-26 09:02:31,086|pipelines.pipelineProcess|INFO|There is/are 2 extractor(s)
2023-08-26 09:02:31,087|pipelines.pipelineProcess|INFO|Initializing Loaders(s) ...
2023-08-26 09:02:31,100|pipelines.pipelineProcess|INFO|There is/are 1 Class(es)
2023-08-26 09:02:31,100|pipelines.pipelineProcess|INFO|Instantiate Object: pipelines.datasources.CSVFileDS
2023-08-26 09:02:31,100|pipelines.pipelineProcess|DEBUG|pipelineFactory.instantiate(): Import module -> pipelines.datasources.CSVFileDS
2023-08-26 09:02:31,100|pipelines.pipelineProcess|DEBUG|pipelineFactory.instantiate(): Module pipelines.datasources.CSVFileDS imported, instantiate the class
2023-08-26 09:02:31,101|pipelines.pipelineProcess|INFO|Class instantiated successfully
2023-08-26 09:02:31,101|pipelines.pipelineProcess|DEBUG|Initialize Object: pipelines.datasources.CSVFileDS
2023-08-26 09:02:31,101|pipelines.pipelineProcess|DEBUG|Object pipelines.datasources.CSVFileDS initialized successfully
2023-08-26 09:02:31,101|pipelines.pipelineProcess|INFO|There is/are 1 loader(s)
2023-08-26 09:02:31,102|pipelines.pipelineProcess|INFO|Initializing Transformer(s) ...
2023-08-26 09:02:31,114|pipelines.pipelineProcess|INFO|There is/are 2 Class(es)
2023-08-26 09:02:31,115|pipelines.pipelineProcess|INFO|Instantiate Object: pipelines.transformers.concatTR
2023-08-26 09:02:31,115|pipelines.pipelineProcess|DEBUG|pipelineFactory.instantiate(): Import module -> pipelines.transformers.concatTR
2023-08-26 09:02:31,116|pipelines.pipelineProcess|DEBUG|pipelineFactory.instantiate(): Module pipelines.transformers.concatTR imported, instantiate the class
2023-08-26 09:02:31,116|pipelines.pipelineProcess|INFO|Class instantiated successfully
2023-08-26 09:02:31,116|pipelines.pipelineProcess|DEBUG|Initialize Object: pipelines.transformers.concatTR
2023-08-26 09:02:31,116|pipelines.pipelineProcess|DEBUG|Object pipelines.transformers.concatTR initialized successfully
2023-08-26 09:02:31,116|pipelines.pipelineProcess|INFO|Instantiate Object: pipelines.transformers.doNothingTR
2023-08-26 09:02:31,116|pipelines.pipelineProcess|DEBUG|pipelineFactory.instantiate(): Import module -> pipelines.transformers.doNothingTR
2023-08-26 09:02:31,117|pipelines.pipelineProcess|DEBUG|pipelineFactory.instantiate(): Module pipelines.transformers.doNothingTR imported, instantiate the class
2023-08-26 09:02:31,117|pipelines.pipelineProcess|INFO|Class instantiated successfully
2023-08-26 09:02:31,117|pipelines.pipelineProcess|DEBUG|Initialize Object: pipelines.transformers.doNothingTR
2023-08-26 09:02:31,117|pipelines.pipelineProcess|DEBUG|Object pipelines.transformers.doNothingTR initialized successfully
2023-08-26 09:02:31,117|pipelines.pipelineProcess|INFO|There is/are 2 Transformers(s)
2023-08-26 09:11:41,437|pipelines.pipelineProcess|INFO|Data Plumber initialisation ...
2023-08-26 09:11:41,451|pipelines.pipelineProcess|DEBUG|pipelineFactory.instantiate(): Import module -> pipelines.category.directPipeline
2023-08-26 09:11:41,858|pipelines.pipelineProcess|DEBUG|pipelineFactory.instantiate(): Module pipelines.category.directPipeline imported, instantiate the class
2023-08-26 09:11:41,859|pipelines.pipelineProcess|INFO|Class instantiated successfully
2023-08-26 09:11:41,859|pipelines.pipelineProcess|INFO|*** Starting pipeline processing ***
2023-08-26 09:11:41,859|pipelines.pipelineProcess|INFO|Initializing Extractor(s) ...
2023-08-26 09:11:41,873|pipelines.pipelineProcess|INFO|There is/are 2 Class(es)
2023-08-26 09:11:41,873|pipelines.pipelineProcess|INFO|Instantiate Object: pipelines.datasources.csvFileDS
2023-08-26 09:11:41,873|pipelines.pipelineProcess|DEBUG|pipelineFactory.instantiate(): Import module -> pipelines.datasources.csvFileDS
2023-08-26 09:11:41,876|pipelines.pipelineProcess|DEBUG|pipelineFactory.instantiate(): Module pipelines.datasources.csvFileDS imported, instantiate the class
2023-08-26 09:11:41,879|pipelines.pipelineProcess|INFO|Class instantiated successfully
2023-08-26 09:11:41,879|pipelines.pipelineProcess|DEBUG|Initialize Object: pipelines.datasources.csvFileDS
2023-08-26 09:11:41,879|pipelines.pipelineProcess|DEBUG|Object pipelines.datasources.csvFileDS initialized successfully
2023-08-26 09:11:41,879|pipelines.pipelineProcess|INFO|Instantiate Object: pipelines.datasources.csvFileDS
2023-08-26 09:11:41,879|pipelines.pipelineProcess|DEBUG|pipelineFactory.instantiate(): Import module -> pipelines.datasources.csvFileDS
2023-08-26 09:11:41,880|pipelines.pipelineProcess|DEBUG|pipelineFactory.instantiate(): Module pipelines.datasources.csvFileDS imported, instantiate the class
2023-08-26 09:11:41,880|pipelines.pipelineProcess|INFO|Class instantiated successfully
2023-08-26 09:11:41,881|pipelines.pipelineProcess|DEBUG|Initialize Object: pipelines.datasources.csvFileDS
2023-08-26 09:11:41,881|pipelines.pipelineProcess|DEBUG|Object pipelines.datasources.csvFileDS initialized successfully
2023-08-26 09:11:41,881|pipelines.pipelineProcess|INFO|There is/are 2 extractor(s)
2023-08-26 09:11:41,881|pipelines.pipelineProcess|INFO|Initializing Loaders(s) ...
2023-08-26 09:11:41,894|pipelines.pipelineProcess|INFO|There is/are 1 Class(es)
2023-08-26 09:11:41,894|pipelines.pipelineProcess|INFO|Instantiate Object: pipelines.datasources.csvFileDS
2023-08-26 09:11:41,894|pipelines.pipelineProcess|DEBUG|pipelineFactory.instantiate(): Import module -> pipelines.datasources.csvFileDS
2023-08-26 09:11:41,894|pipelines.pipelineProcess|DEBUG|pipelineFactory.instantiate(): Module pipelines.datasources.csvFileDS imported, instantiate the class
2023-08-26 09:11:41,895|pipelines.pipelineProcess|INFO|Class instantiated successfully
2023-08-26 09:11:41,895|pipelines.pipelineProcess|DEBUG|Initialize Object: pipelines.datasources.csvFileDS
2023-08-26 09:11:41,896|pipelines.pipelineProcess|DEBUG|Object pipelines.datasources.csvFileDS initialized successfully
2023-08-26 09:11:41,896|pipelines.pipelineProcess|INFO|There is/are 1 loader(s)
2023-08-26 09:11:41,896|pipelines.pipelineProcess|INFO|Initializing Transformer(s) ...
2023-08-26 09:11:41,909|pipelines.pipelineProcess|INFO|There is/are 2 Class(es)
2023-08-26 09:11:41,909|pipelines.pipelineProcess|INFO|Instantiate Object: pipelines.transformers.concatTR
2023-08-26 09:11:41,909|pipelines.pipelineProcess|DEBUG|pipelineFactory.instantiate(): Import module -> pipelines.transformers.concatTR
2023-08-26 09:11:41,911|pipelines.pipelineProcess|DEBUG|pipelineFactory.instantiate(): Module pipelines.transformers.concatTR imported, instantiate the class
2023-08-26 09:11:41,911|pipelines.pipelineProcess|INFO|Class instantiated successfully
2023-08-26 09:11:41,911|pipelines.pipelineProcess|DEBUG|Initialize Object: pipelines.transformers.concatTR
2023-08-26 09:11:41,911|pipelines.pipelineProcess|DEBUG|Object pipelines.transformers.concatTR initialized successfully
2023-08-26 09:11:41,911|pipelines.pipelineProcess|INFO|Instantiate Object: pipelines.transformers.doNothingTR
2023-08-26 09:11:41,911|pipelines.pipelineProcess|DEBUG|pipelineFactory.instantiate(): Import module -> pipelines.transformers.doNothingTR
2023-08-26 09:11:41,912|pipelines.pipelineProcess|DEBUG|pipelineFactory.instantiate(): Module pipelines.transformers.doNothingTR imported, instantiate the class
2023-08-26 09:11:41,912|pipelines.pipelineProcess|INFO|Class instantiated successfully
2023-08-26 09:11:41,912|pipelines.pipelineProcess|DEBUG|Initialize Object: pipelines.transformers.doNothingTR
2023-08-26 09:11:41,912|pipelines.pipelineProcess|DEBUG|Object pipelines.transformers.doNothingTR initialized successfully
2023-08-26 09:11:41,912|pipelines.pipelineProcess|INFO|There is/are 2 Transformers(s)
2023-08-26 09:11:45,776|pipelines.pipelineProcess|INFO|Data Plumber has been initialized successfully
2023-08-26 09:11:45,777|pipelines.pipelineProcess|INFO|Extract data from Data Source ...
2023-08-26 09:11:45,778|pipelines.pipelineProcess|INFO|*** Extraction treatment ***
2023-08-26 09:11:45,778|pipelines.pipelineProcess|INFO|Extracting data from the Data Source E1
2023-08-26 09:11:45,796|pipelines.pipelineProcess|INFO|Number of rows extracted 1394
2023-08-26 09:11:45,796|pipelines.pipelineProcess|INFO|Extracting data from the Data Source E2
2023-08-26 09:11:45,806|pipelines.pipelineProcess|INFO|Number of rows extracted 1394
2023-08-26 09:11:45,806|pipelines.pipelineProcess|INFO|Data extracted successfully: 2788 rows extracted
2023-08-26 09:11:45,807|pipelines.pipelineProcess|INFO|Transform imported data ...
2023-08-26 09:11:45,807|pipelines.pipelineProcess|INFO|*** Data Transformation treatment ***
2023-08-26 09:11:45,807|pipelines.pipelineProcess|INFO|Transforming data via transformer T1
2023-08-26 09:11:45,808|pipelines.pipelineProcess|INFO|There are 2 datasets to concatenate
2023-08-26 09:11:45,814|pipelines.pipelineProcess|INFO|Number of rows transformed 2788 / 2788
2023-08-26 09:11:45,815|pipelines.pipelineProcess|INFO|Transforming data via transformer T2
2023-08-26 09:11:45,815|pipelines.pipelineProcess|INFO|Number of rows transformed 0 / 2788
2023-08-26 09:11:45,815|pipelines.pipelineProcess|INFO|Data transformed successfully, 2788 rows - after transformation - to import into the Data Source
2023-08-26 09:11:45,815|pipelines.pipelineProcess|INFO|Load data into the Data Source ...
2023-08-26 09:11:45,815|pipelines.pipelineProcess|INFO|*** Loading treatment ***
2023-08-26 09:11:45,815|pipelines.pipelineProcess|INFO|Loading content to the Data Source L1
2023-08-26 09:11:45,835|pipelines.pipelineProcess|INFO|Number of rows extracted 2788
2023-08-26 09:11:45,835|pipelines.pipelineProcess|INFO|Data loaded successfully
2023-08-26 09:11:45,835|pipelines.pipelineProcess|INFO|Pipeline Stats -> E:2788 T:2788 L:2788
2023-08-26 09:11:45,835|pipelines.pipelineProcess|INFO|*** End of Job treatment ***
